<?xml version="1.0" encoding="UTF-8"?>
<testng-results skipped="0" failed="1" total="1" passed="0">
  <reporter-output>
  </reporter-output>
  <suite name="Default suite" duration-ms="49847" started-at="2016-03-28T17:16:36Z" finished-at="2016-03-28T17:17:26Z">
    <groups>
    </groups>
    <test name="Default test" duration-ms="49847" started-at="2016-03-28T17:16:36Z" finished-at="2016-03-28T17:17:26Z">
      <class name="TestScripts.TestCases">
        <test-method status="PASS" signature="Extractdata()[pri:0, instance:TestScripts.TestCases@3ac3fd8b]" name="Extractdata" is-config="true" duration-ms="1708" started-at="2016-03-28T22:46:36Z" finished-at="2016-03-28T22:46:38Z">
          <reporter-output>
          </reporter-output>
        </test-method> <!-- Extractdata -->
        <test-method status="FAIL" signature="Testdata()[pri:0, instance:TestScripts.TestCases@3ac3fd8b]" name="Testdata" duration-ms="48106" started-at="2016-03-28T22:46:38Z" finished-at="2016-03-28T22:47:26Z">
          <exception class="org.openqa.selenium.WebDriverException">
            <message>
              <![CDATA[Failed to connect to binary FirefoxBinary(C:\Program Files (x86)\Mozilla Firefox\firefox.exe) on port 7055; process output follows: 
Disabled":false,"foreignInstall":true,"hasBinaryComponents":false,"strictCompatibility":true,"locales":[],"targetApplications":[{"id":"{ec8030f7-c20a-464f-9b0e-13a3a9e97384}","minVersion":"27.0a1","maxVersion":"45.*"},{"id":"{92650c4d-4b8e-4d2a-b7eb-24ecf4f6b63a}","minVersion":"2.37.*","maxVersion":"2.41"}],"targetPlatforms":[],"multiprocessCompatible":false,"signedState":2,"seen":true}
1459185401197	addons.xpi	DEBUG	Updating XPIState for {"id":"{972ce4c6-7e08-4474-a285-3208198ce6fd}","syncGUID":"hhtw3E7In8-9","location":"app-global","version":"45.0.1","type":"theme","internalName":"classic/1.0","updateURL":null,"updateKey":null,"optionsURL":null,"optionsType":null,"aboutURL":null,"icons":{"32":"icon.png","48":"icon.png"},"iconURL":null,"icon64URL":null,"defaultLocale":{"name":"Default","description":"The default theme.","creator":"Mozilla","homepageURL":null,"contributors":["Mozilla Contributors"]},"visible":true,"active":true,"userDisabled":false,"appDisabled":false,"descriptor":"C:\\Program Files (x86)\\Mozilla Firefox\\browser\\extensions\\{972ce4c6-7e08-4474-a285-3208198ce6fd}.xpi","installDate":1458382593549,"updateDate":1458382593549,"applyBackgroundUpdates":1,"skinnable":true,"size":22012,"sourceURI":null,"releaseNotesURI":null,"softDisabled":false,"foreignInstall":false,"hasBinaryComponents":false,"strictCompatibility":true,"locales":[],"targetApplications":[{"id":"{ec8030f7-c20a-464f-9b0e-13a3a9e97384}","minVersion":"45.0.1","maxVersion":"45.0.1"}],"targetPlatforms":[],"seen":true}
1459185401197	addons.xpi	DEBUG	getModTime: Recursive scan of {972ce4c6-7e08-4474-a285-3208198ce6fd}
1459185401198	DeferredSave.extensions.json	DEBUG	Save changes
1459185401198	addons.xpi	DEBUG	Updating database with changes to installed add-ons
1459185401198	addons.xpi-utils	DEBUG	Updating add-on states
1459185401201	addons.xpi-utils	DEBUG	Writing add-ons list
1459185401204	addons.xpi	DEBUG	Registering manifest for C:\Program Files (x86)\Mozilla Firefox\browser\features\loop@mozilla.org.xpi
1459185401205	addons.xpi	DEBUG	Calling bootstrap method startup on loop@mozilla.org version 0.1
1459185401220	addons.manager	DEBUG	Starting provider: <unnamed-provider>
1459185401220	addons.manager	DEBUG	Registering shutdown blocker for <unnamed-provider>
1459185401220	addons.manager	DEBUG	Provider finished startup: <unnamed-provider>
1459185401235	addons.manager	DEBUG	Registering shutdown blocker for XPIProvider
1459185401235	addons.manager	DEBUG	Provider finished startup: XPIProvider
1459185401235	addons.manager	DEBUG	Starting provider: LightweightThemeManager
1459185401235	addons.manager	DEBUG	Registering shutdown blocker for LightweightThemeManager
1459185401235	addons.manager	DEBUG	Provider finished startup: LightweightThemeManager
1459185401236	addons.manager	DEBUG	Starting provider: GMPProvider
1459185401242	addons.manager	DEBUG	Registering shutdown blocker for GMPProvider
1459185401242	addons.manager	DEBUG	Provider finished startup: GMPProvider
1459185401242	addons.manager	DEBUG	Starting provider: PluginProvider
1459185401242	addons.manager	DEBUG	Registering shutdown blocker for PluginProvider
1459185401242	addons.manager	DEBUG	Provider finished startup: PluginProvider
1459185401243	addons.manager	DEBUG	Completed startup sequence
1459185403168	DeferredSave.extensions.json	DEBUG	Starting write
1459185403872	addons.repository	DEBUG	No addons.json found.
1459185403873	DeferredSave.addons.json	DEBUG	Save changes
1459185403877	DeferredSave.addons.json	DEBUG	Starting timer
1459185403917	addons.manager	DEBUG	Starting provider: PreviousExperimentProvider
1459185403917	addons.manager	DEBUG	Registering shutdown blocker for PreviousExperimentProvider
1459185403918	addons.manager	DEBUG	Provider finished startup: PreviousExperimentProvider
1459185403921	DeferredSave.extensions.json	DEBUG	Write succeeded
1459185403921	addons.xpi-utils	DEBUG	XPI Database saved, setting schema version preference to 17
1459185403928	DeferredSave.addons.json	DEBUG	Starting write
1459185403955	DeferredSave.addons.json	DEBUG	Write succeeded

Build info: version: '2.48.2', revision: '41bccdd', time: '2015-10-09 19:55:52'
System info: host: 'HOME', ip: '192.168.2.18', os.name: 'Windows 8.1', os.arch: 'amd64', os.version: '6.3', java.version: '1.8.0_66'
Driver info: driver.version: FirefoxDriver]]>
            </message>
            <full-stacktrace>
              <![CDATA[org.openqa.selenium.WebDriverException: Failed to connect to binary FirefoxBinary(C:\Program Files (x86)\Mozilla Firefox\firefox.exe) on port 7055; process output follows: 
Disabled":false,"foreignInstall":true,"hasBinaryComponents":false,"strictCompatibility":true,"locales":[],"targetApplications":[{"id":"{ec8030f7-c20a-464f-9b0e-13a3a9e97384}","minVersion":"27.0a1","maxVersion":"45.*"},{"id":"{92650c4d-4b8e-4d2a-b7eb-24ecf4f6b63a}","minVersion":"2.37.*","maxVersion":"2.41"}],"targetPlatforms":[],"multiprocessCompatible":false,"signedState":2,"seen":true}
1459185401197	addons.xpi	DEBUG	Updating XPIState for {"id":"{972ce4c6-7e08-4474-a285-3208198ce6fd}","syncGUID":"hhtw3E7In8-9","location":"app-global","version":"45.0.1","type":"theme","internalName":"classic/1.0","updateURL":null,"updateKey":null,"optionsURL":null,"optionsType":null,"aboutURL":null,"icons":{"32":"icon.png","48":"icon.png"},"iconURL":null,"icon64URL":null,"defaultLocale":{"name":"Default","description":"The default theme.","creator":"Mozilla","homepageURL":null,"contributors":["Mozilla Contributors"]},"visible":true,"active":true,"userDisabled":false,"appDisabled":false,"descriptor":"C:\\Program Files (x86)\\Mozilla Firefox\\browser\\extensions\\{972ce4c6-7e08-4474-a285-3208198ce6fd}.xpi","installDate":1458382593549,"updateDate":1458382593549,"applyBackgroundUpdates":1,"skinnable":true,"size":22012,"sourceURI":null,"releaseNotesURI":null,"softDisabled":false,"foreignInstall":false,"hasBinaryComponents":false,"strictCompatibility":true,"locales":[],"targetApplications":[{"id":"{ec8030f7-c20a-464f-9b0e-13a3a9e97384}","minVersion":"45.0.1","maxVersion":"45.0.1"}],"targetPlatforms":[],"seen":true}
1459185401197	addons.xpi	DEBUG	getModTime: Recursive scan of {972ce4c6-7e08-4474-a285-3208198ce6fd}
1459185401198	DeferredSave.extensions.json	DEBUG	Save changes
1459185401198	addons.xpi	DEBUG	Updating database with changes to installed add-ons
1459185401198	addons.xpi-utils	DEBUG	Updating add-on states
1459185401201	addons.xpi-utils	DEBUG	Writing add-ons list
1459185401204	addons.xpi	DEBUG	Registering manifest for C:\Program Files (x86)\Mozilla Firefox\browser\features\loop@mozilla.org.xpi
1459185401205	addons.xpi	DEBUG	Calling bootstrap method startup on loop@mozilla.org version 0.1
1459185401220	addons.manager	DEBUG	Starting provider: <unnamed-provider>
1459185401220	addons.manager	DEBUG	Registering shutdown blocker for <unnamed-provider>
1459185401220	addons.manager	DEBUG	Provider finished startup: <unnamed-provider>
1459185401235	addons.manager	DEBUG	Registering shutdown blocker for XPIProvider
1459185401235	addons.manager	DEBUG	Provider finished startup: XPIProvider
1459185401235	addons.manager	DEBUG	Starting provider: LightweightThemeManager
1459185401235	addons.manager	DEBUG	Registering shutdown blocker for LightweightThemeManager
1459185401235	addons.manager	DEBUG	Provider finished startup: LightweightThemeManager
1459185401236	addons.manager	DEBUG	Starting provider: GMPProvider
1459185401242	addons.manager	DEBUG	Registering shutdown blocker for GMPProvider
1459185401242	addons.manager	DEBUG	Provider finished startup: GMPProvider
1459185401242	addons.manager	DEBUG	Starting provider: PluginProvider
1459185401242	addons.manager	DEBUG	Registering shutdown blocker for PluginProvider
1459185401242	addons.manager	DEBUG	Provider finished startup: PluginProvider
1459185401243	addons.manager	DEBUG	Completed startup sequence
1459185403168	DeferredSave.extensions.json	DEBUG	Starting write
1459185403872	addons.repository	DEBUG	No addons.json found.
1459185403873	DeferredSave.addons.json	DEBUG	Save changes
1459185403877	DeferredSave.addons.json	DEBUG	Starting timer
1459185403917	addons.manager	DEBUG	Starting provider: PreviousExperimentProvider
1459185403917	addons.manager	DEBUG	Registering shutdown blocker for PreviousExperimentProvider
1459185403918	addons.manager	DEBUG	Provider finished startup: PreviousExperimentProvider
1459185403921	DeferredSave.extensions.json	DEBUG	Write succeeded
1459185403921	addons.xpi-utils	DEBUG	XPI Database saved, setting schema version preference to 17
1459185403928	DeferredSave.addons.json	DEBUG	Starting write
1459185403955	DeferredSave.addons.json	DEBUG	Write succeeded

Build info: version: '2.48.2', revision: '41bccdd', time: '2015-10-09 19:55:52'
System info: host: 'HOME', ip: '192.168.2.18', os.name: 'Windows 8.1', os.arch: 'amd64', os.version: '6.3', java.version: '1.8.0_66'
Driver info: driver.version: FirefoxDriver
	at org.openqa.selenium.firefox.internal.NewProfileExtensionConnection.start(NewProfileExtensionConnection.java:134)
	at org.openqa.selenium.firefox.FirefoxDriver.startClient(FirefoxDriver.java:271)
	at org.openqa.selenium.remote.RemoteWebDriver.<init>(RemoteWebDriver.java:117)
	at org.openqa.selenium.firefox.FirefoxDriver.<init>(FirefoxDriver.java:218)
	at org.openqa.selenium.firefox.FirefoxDriver.<init>(FirefoxDriver.java:211)
	at org.openqa.selenium.firefox.FirefoxDriver.<init>(FirefoxDriver.java:207)
	at org.openqa.selenium.firefox.FirefoxDriver.<init>(FirefoxDriver.java:120)
	at CommonUtils.CommonMethods.openbrowser(CommonMethods.java:46)
	at TestScripts.TestCases.Testdata(TestCases.java:66)
	at sun.reflect.NativeMethodAccessorImpl.invoke0(Native Method)
	at sun.reflect.NativeMethodAccessorImpl.invoke(Unknown Source)
	at sun.reflect.DelegatingMethodAccessorImpl.invoke(Unknown Source)
	at java.lang.reflect.Method.invoke(Unknown Source)
	at org.testng.internal.MethodInvocationHelper.invokeMethod(MethodInvocationHelper.java:86)
	at org.testng.internal.Invoker.invokeMethod(Invoker.java:643)
	at org.testng.internal.Invoker.invokeTestMethod(Invoker.java:820)
	at org.testng.internal.Invoker.invokeTestMethods(Invoker.java:1128)
	at org.testng.internal.TestMethodWorker.invokeTestMethods(TestMethodWorker.java:129)
	at org.testng.internal.TestMethodWorker.run(TestMethodWorker.java:112)
	at org.testng.TestRunner.privateRun(TestRunner.java:782)
	at org.testng.TestRunner.run(TestRunner.java:632)
	at org.testng.SuiteRunner.runTest(SuiteRunner.java:366)
	at org.testng.SuiteRunner.runSequentially(SuiteRunner.java:361)
	at org.testng.SuiteRunner.privateRun(SuiteRunner.java:319)
	at org.testng.SuiteRunner.run(SuiteRunner.java:268)
	at org.testng.SuiteRunnerWorker.runSuite(SuiteRunnerWorker.java:52)
	at org.testng.SuiteRunnerWorker.run(SuiteRunnerWorker.java:86)
	at org.testng.TestNG.runSuitesSequentially(TestNG.java:1244)
	at org.testng.TestNG.runSuitesLocally(TestNG.java:1169)
	at org.testng.TestNG.run(TestNG.java:1064)
	at org.testng.remote.RemoteTestNG.run(RemoteTestNG.java:113)
	at org.testng.remote.RemoteTestNG.initAndRun(RemoteTestNG.java:206)
	at org.testng.remote.RemoteTestNG.main(RemoteTestNG.java:177)
Caused by: org.openqa.selenium.firefox.NotConnectedException: Unable to connect to host 127.0.0.1 on port 7055 after 45000 ms. Firefox console output:
Disabled":false,"foreignInstall":true,"hasBinaryComponents":false,"strictCompatibility":true,"locales":[],"targetApplications":[{"id":"{ec8030f7-c20a-464f-9b0e-13a3a9e97384}","minVersion":"27.0a1","maxVersion":"45.*"},{"id":"{92650c4d-4b8e-4d2a-b7eb-24ecf4f6b63a}","minVersion":"2.37.*","maxVersion":"2.41"}],"targetPlatforms":[],"multiprocessCompatible":false,"signedState":2,"seen":true}
1459185401197	addons.xpi	DEBUG	Updating XPIState for {"id":"{972ce4c6-7e08-4474-a285-3208198ce6fd}","syncGUID":"hhtw3E7In8-9","location":"app-global","version":"45.0.1","type":"theme","internalName":"classic/1.0","updateURL":null,"updateKey":null,"optionsURL":null,"optionsType":null,"aboutURL":null,"icons":{"32":"icon.png","48":"icon.png"},"iconURL":null,"icon64URL":null,"defaultLocale":{"name":"Default","description":"The default theme.","creator":"Mozilla","homepageURL":null,"contributors":["Mozilla Contributors"]},"visible":true,"active":true,"userDisabled":false,"appDisabled":false,"descriptor":"C:\\Program Files (x86)\\Mozilla Firefox\\browser\\extensions\\{972ce4c6-7e08-4474-a285-3208198ce6fd}.xpi","installDate":1458382593549,"updateDate":1458382593549,"applyBackgroundUpdates":1,"skinnable":true,"size":22012,"sourceURI":null,"releaseNotesURI":null,"softDisabled":false,"foreignInstall":false,"hasBinaryComponents":false,"strictCompatibility":true,"locales":[],"targetApplications":[{"id":"{ec8030f7-c20a-464f-9b0e-13a3a9e97384}","minVersion":"45.0.1","maxVersion":"45.0.1"}],"targetPlatforms":[],"seen":true}
1459185401197	addons.xpi	DEBUG	getModTime: Recursive scan of {972ce4c6-7e08-4474-a285-3208198ce6fd}
1459185401198	DeferredSave.extensions.json	DEBUG	Save changes
1459185401198	addons.xpi	DEBUG	Updating database with changes to installed add-ons
1459185401198	addons.xpi-utils	DEBUG	Updating add-on states
1459185401201	addons.xpi-utils	DEBUG	Writing add-ons list
1459185401204	addons.xpi	DEBUG	Registering manifest for C:\Program Files (x86)\Mozilla Firefox\browser\features\loop@mozilla.org.xpi
1459185401205	addons.xpi	DEBUG	Calling bootstrap method startup on loop@mozilla.org version 0.1
1459185401220	addons.manager	DEBUG	Starting provider: <unnamed-provider>
1459185401220	addons.manager	DEBUG	Registering shutdown blocker for <unnamed-provider>
1459185401220	addons.manager	DEBUG	Provider finished startup: <unnamed-provider>
1459185401235	addons.manager	DEBUG	Registering shutdown blocker for XPIProvider
1459185401235	addons.manager	DEBUG	Provider finished startup: XPIProvider
1459185401235	addons.manager	DEBUG	Starting provider: LightweightThemeManager
1459185401235	addons.manager	DEBUG	Registering shutdown blocker for LightweightThemeManager
1459185401235	addons.manager	DEBUG	Provider finished startup: LightweightThemeManager
1459185401236	addons.manager	DEBUG	Starting provider: GMPProvider
1459185401242	addons.manager	DEBUG	Registering shutdown blocker for GMPProvider
1459185401242	addons.manager	DEBUG	Provider finished startup: GMPProvider
1459185401242	addons.manager	DEBUG	Starting provider: PluginProvider
1459185401242	addons.manager	DEBUG	Registering shutdown blocker for PluginProvider
1459185401242	addons.manager	DEBUG	Provider finished startup: PluginProvider
1459185401243	addons.manager	DEBUG	Completed startup sequence
1459185403168	DeferredSave.extensions.json	DEBUG	Starting write
1459185403872	addons.repository	DEBUG	No addons.json found.
1459185403873	DeferredSave.addons.json	DEBUG	Save changes
1459185403877	DeferredSave.addons.json	DEBUG	Starting timer
1459185403917	addons.manager	DEBUG	Starting provider: PreviousExperimentProvider
1459185403917	addons.manager	DEBUG	Registering shutdown blocker for PreviousExperimentProvider
1459185403918	addons.manager	DEBUG	Provider finished startup: PreviousExperimentProvider
1459185403921	DeferredSave.extensions.json	DEBUG	Write succeeded
1459185403921	addons.xpi-utils	DEBUG	XPI Database saved, setting schema version preference to 17
1459185403928	DeferredSave.addons.json	DEBUG	Starting write
1459185403955	DeferredSave.addons.json	DEBUG	Write succeeded

	at org.openqa.selenium.firefox.internal.NewProfileExtensionConnection.start(NewProfileExtensionConnection.java:122)
	... 32 more
]]>
            </full-stacktrace>
          </exception> <!-- org.openqa.selenium.WebDriverException -->
          <reporter-output>
          </reporter-output>
        </test-method> <!-- Testdata -->
        <test-method status="PASS" signature="Aftertest()[pri:0, instance:TestScripts.TestCases@3ac3fd8b]" name="Aftertest" is-config="true" duration-ms="0" started-at="2016-03-28T22:47:26Z" finished-at="2016-03-28T22:47:26Z">
          <reporter-output>
          </reporter-output>
        </test-method> <!-- Aftertest -->
      </class> <!-- TestScripts.TestCases -->
    </test> <!-- Default test -->
  </suite> <!-- Default suite -->
</testng-results>
