<?xml version="1.0" encoding="UTF-8"?>
<testng-results skipped="0" failed="0" total="2" passed="2">
  <reporter-output>
  </reporter-output>
  <suite name="My Sample Suite" duration-ms="99" started-at="2016-12-19T16:52:46Z" finished-at="2016-12-19T16:52:46Z">
    <groups>
    </groups>
    <test name="Login" duration-ms="99" started-at="2016-12-19T16:52:46Z" finished-at="2016-12-19T16:52:46Z">
      <class name="Test_ant.LoginTest">
        <test-method status="PASS" signature="login()[pri:0, instance:Test_ant.LoginTest@16c0663d]" name="login" duration-ms="29" started-at="2016-12-19T22:22:46Z" finished-at="2016-12-19T22:22:46Z">
          <reporter-output>
          </reporter-output>
        </test-method> <!-- login -->
        <test-method status="PASS" signature="admin_login()[pri:0, instance:Test_ant.LoginTest@16c0663d]" name="admin_login" duration-ms="0" started-at="2016-12-19T22:22:46Z" finished-at="2016-12-19T22:22:46Z">
          <reporter-output>
          </reporter-output>
        </test-method> <!-- admin_login -->
      </class> <!-- Test_ant.LoginTest -->
    </test> <!-- Login -->
  </suite> <!-- My Sample Suite -->
</testng-results>
