<?xml version="1.0" encoding="UTF-8"?>
<testng-results skipped="0" failed="1" total="1" passed="0">
  <reporter-output>
  </reporter-output>
  <suite name="Default suite" duration-ms="53410" started-at="2016-12-15T17:05:15Z" finished-at="2016-12-15T17:06:09Z">
    <groups>
    </groups>
    <test name="Default test" duration-ms="53410" started-at="2016-12-15T17:05:15Z" finished-at="2016-12-15T17:06:09Z">
      <class name="TestScenarios.Firefox">
        <test-method status="FAIL" signature="test()[pri:0, instance:TestScenarios.Firefox@4c203ea1]" name="test" duration-ms="53307" started-at="2016-12-15T22:35:15Z" finished-at="2016-12-15T22:36:09Z">
          <exception class="org.openqa.selenium.WebDriverException">
            <message>
              <![CDATA[Failed to connect to binary FirefoxBinary(C:\Program Files (x86)\Mozilla Firefox\firefox.exe) on port 7055; process output follows: 
ey":null,"optionsURL":null,"optionsType":null,"aboutURL":null,"icons":{"32":"icon.png","48":"icon.png"},"iconURL":null,"icon64URL":null,"defaultLocale":{"name":"Default","description":"The default theme.","creator":"Mozilla","homepageURL":null,"contributors":["Mozilla Contributors"]},"visible":true,"active":true,"userDisabled":false,"appDisabled":false,"descriptor":"C:\\Program Files (x86)\\Mozilla Firefox\\browser\\extensions\\{972ce4c6-7e08-4474-a285-3208198ce6fd}.xpi","installDate":1480601706426,"updateDate":1480601706426,"applyBackgroundUpdates":1,"skinnable":true,"size":21905,"sourceURI":null,"releaseNotesURI":null,"softDisabled":false,"foreignInstall":false,"hasBinaryComponents":false,"strictCompatibility":true,"locales":[],"targetApplications":[{"id":"{ec8030f7-c20a-464f-9b0e-13a3a9e97384}","minVersion":"49.0.2","maxVersion":"49.0.2"}],"targetPlatforms":[],"seen":true}
1481821523741	addons.xpi	DEBUG	getModTime: Recursive scan of {972ce4c6-7e08-4474-a285-3208198ce6fd}
1481821523745	DeferredSave.extensions.json	DEBUG	Save changes
1481821523746	addons.xpi	DEBUG	Updating database with changes to installed add-ons
1481821523746	addons.xpi-utils	DEBUG	Updating add-on states
1481821523754	addons.xpi-utils	DEBUG	Writing add-ons list
1481821523764	addons.xpi	DEBUG	Registering manifest for C:\Program Files (x86)\Mozilla Firefox\browser\features\e10srollout@mozilla.org.xpi
1481821523766	addons.xpi	DEBUG	Calling bootstrap method startup on e10srollout@mozilla.org version 1.3
1481821523766	addons.xpi	DEBUG	Registering manifest for C:\Program Files (x86)\Mozilla Firefox\browser\features\firefox@getpocket.com.xpi
1481821523768	addons.xpi	DEBUG	Calling bootstrap method startup on firefox@getpocket.com version 1.0.4
1481821523770	addons.xpi	DEBUG	Registering manifest for C:\Program Files (x86)\Mozilla Firefox\browser\features\webcompat@mozilla.org.xpi
1481821523771	addons.xpi	DEBUG	Calling bootstrap method startup on webcompat@mozilla.org version 1.0
1481821523779	addons.manager	DEBUG	Registering shutdown blocker for XPIProvider
1481821523780	addons.manager	DEBUG	Provider finished startup: XPIProvider
1481821523780	addons.manager	DEBUG	Starting provider: LightweightThemeManager
1481821523781	addons.manager	DEBUG	Registering shutdown blocker for LightweightThemeManager
1481821523782	addons.manager	DEBUG	Provider finished startup: LightweightThemeManager
1481821523784	addons.manager	DEBUG	Starting provider: GMPProvider
1481821523822	addons.manager	DEBUG	Registering shutdown blocker for GMPProvider
1481821523823	addons.manager	DEBUG	Provider finished startup: GMPProvider
1481821523823	addons.manager	DEBUG	Starting provider: PluginProvider
1481821523824	addons.manager	DEBUG	Registering shutdown blocker for PluginProvider
1481821523825	addons.manager	DEBUG	Provider finished startup: PluginProvider
1481821523826	addons.manager	DEBUG	Completed startup sequence
1481821526080	addons.manager	DEBUG	Starting provider: <unnamed-provider>
1481821526080	addons.manager	DEBUG	Registering shutdown blocker for <unnamed-provider>
1481821526082	addons.manager	DEBUG	Provider finished startup: <unnamed-provider>
1481821526707	DeferredSave.extensions.json	DEBUG	Write succeeded
1481821526708	addons.xpi-utils	DEBUG	XPI Database saved, setting schema version preference to 17
1481821526709	DeferredSave.extensions.json	DEBUG	Starting timer
1481821526736	DeferredSave.extensions.json	DEBUG	Starting write
1481821526766	addons.repository	DEBUG	No addons.json found.
1481821526769	DeferredSave.addons.json	DEBUG	Save changes
1481821526784	DeferredSave.addons.json	DEBUG	Starting timer
1481821526918	addons.manager	DEBUG	Starting provider: PreviousExperimentProvider
1481821526919	addons.manager	DEBUG	Registering shutdown blocker for PreviousExperimentProvider
1481821526924	addons.manager	DEBUG	Provider finished startup: PreviousExperimentProvider
1481821526942	DeferredSave.addons.json	DEBUG	Starting write
1481821526963	DeferredSave.extensions.json	DEBUG	Write succeeded
1481821527041	DeferredSave.addons.json	DEBUG	Write succeeded

Build info: version: '2.48.2', revision: '41bccdd', time: '2015-10-09 19:55:52'
System info: host: 'HOME', ip: '192.168.0.6', os.name: 'Windows 8.1', os.arch: 'amd64', os.version: '6.3', java.version: '1.8.0_111'
Driver info: driver.version: FirefoxDriver]]>
            </message>
            <full-stacktrace>
              <![CDATA[org.openqa.selenium.WebDriverException: Failed to connect to binary FirefoxBinary(C:\Program Files (x86)\Mozilla Firefox\firefox.exe) on port 7055; process output follows: 
ey":null,"optionsURL":null,"optionsType":null,"aboutURL":null,"icons":{"32":"icon.png","48":"icon.png"},"iconURL":null,"icon64URL":null,"defaultLocale":{"name":"Default","description":"The default theme.","creator":"Mozilla","homepageURL":null,"contributors":["Mozilla Contributors"]},"visible":true,"active":true,"userDisabled":false,"appDisabled":false,"descriptor":"C:\\Program Files (x86)\\Mozilla Firefox\\browser\\extensions\\{972ce4c6-7e08-4474-a285-3208198ce6fd}.xpi","installDate":1480601706426,"updateDate":1480601706426,"applyBackgroundUpdates":1,"skinnable":true,"size":21905,"sourceURI":null,"releaseNotesURI":null,"softDisabled":false,"foreignInstall":false,"hasBinaryComponents":false,"strictCompatibility":true,"locales":[],"targetApplications":[{"id":"{ec8030f7-c20a-464f-9b0e-13a3a9e97384}","minVersion":"49.0.2","maxVersion":"49.0.2"}],"targetPlatforms":[],"seen":true}
1481821523741	addons.xpi	DEBUG	getModTime: Recursive scan of {972ce4c6-7e08-4474-a285-3208198ce6fd}
1481821523745	DeferredSave.extensions.json	DEBUG	Save changes
1481821523746	addons.xpi	DEBUG	Updating database with changes to installed add-ons
1481821523746	addons.xpi-utils	DEBUG	Updating add-on states
1481821523754	addons.xpi-utils	DEBUG	Writing add-ons list
1481821523764	addons.xpi	DEBUG	Registering manifest for C:\Program Files (x86)\Mozilla Firefox\browser\features\e10srollout@mozilla.org.xpi
1481821523766	addons.xpi	DEBUG	Calling bootstrap method startup on e10srollout@mozilla.org version 1.3
1481821523766	addons.xpi	DEBUG	Registering manifest for C:\Program Files (x86)\Mozilla Firefox\browser\features\firefox@getpocket.com.xpi
1481821523768	addons.xpi	DEBUG	Calling bootstrap method startup on firefox@getpocket.com version 1.0.4
1481821523770	addons.xpi	DEBUG	Registering manifest for C:\Program Files (x86)\Mozilla Firefox\browser\features\webcompat@mozilla.org.xpi
1481821523771	addons.xpi	DEBUG	Calling bootstrap method startup on webcompat@mozilla.org version 1.0
1481821523779	addons.manager	DEBUG	Registering shutdown blocker for XPIProvider
1481821523780	addons.manager	DEBUG	Provider finished startup: XPIProvider
1481821523780	addons.manager	DEBUG	Starting provider: LightweightThemeManager
1481821523781	addons.manager	DEBUG	Registering shutdown blocker for LightweightThemeManager
1481821523782	addons.manager	DEBUG	Provider finished startup: LightweightThemeManager
1481821523784	addons.manager	DEBUG	Starting provider: GMPProvider
1481821523822	addons.manager	DEBUG	Registering shutdown blocker for GMPProvider
1481821523823	addons.manager	DEBUG	Provider finished startup: GMPProvider
1481821523823	addons.manager	DEBUG	Starting provider: PluginProvider
1481821523824	addons.manager	DEBUG	Registering shutdown blocker for PluginProvider
1481821523825	addons.manager	DEBUG	Provider finished startup: PluginProvider
1481821523826	addons.manager	DEBUG	Completed startup sequence
1481821526080	addons.manager	DEBUG	Starting provider: <unnamed-provider>
1481821526080	addons.manager	DEBUG	Registering shutdown blocker for <unnamed-provider>
1481821526082	addons.manager	DEBUG	Provider finished startup: <unnamed-provider>
1481821526707	DeferredSave.extensions.json	DEBUG	Write succeeded
1481821526708	addons.xpi-utils	DEBUG	XPI Database saved, setting schema version preference to 17
1481821526709	DeferredSave.extensions.json	DEBUG	Starting timer
1481821526736	DeferredSave.extensions.json	DEBUG	Starting write
1481821526766	addons.repository	DEBUG	No addons.json found.
1481821526769	DeferredSave.addons.json	DEBUG	Save changes
1481821526784	DeferredSave.addons.json	DEBUG	Starting timer
1481821526918	addons.manager	DEBUG	Starting provider: PreviousExperimentProvider
1481821526919	addons.manager	DEBUG	Registering shutdown blocker for PreviousExperimentProvider
1481821526924	addons.manager	DEBUG	Provider finished startup: PreviousExperimentProvider
1481821526942	DeferredSave.addons.json	DEBUG	Starting write
1481821526963	DeferredSave.extensions.json	DEBUG	Write succeeded
1481821527041	DeferredSave.addons.json	DEBUG	Write succeeded

Build info: version: '2.48.2', revision: '41bccdd', time: '2015-10-09 19:55:52'
System info: host: 'HOME', ip: '192.168.0.6', os.name: 'Windows 8.1', os.arch: 'amd64', os.version: '6.3', java.version: '1.8.0_111'
Driver info: driver.version: FirefoxDriver
	at org.openqa.selenium.firefox.internal.NewProfileExtensionConnection.start(NewProfileExtensionConnection.java:134)
	at org.openqa.selenium.firefox.FirefoxDriver.startClient(FirefoxDriver.java:271)
	at org.openqa.selenium.remote.RemoteWebDriver.<init>(RemoteWebDriver.java:117)
	at org.openqa.selenium.firefox.FirefoxDriver.<init>(FirefoxDriver.java:218)
	at org.openqa.selenium.firefox.FirefoxDriver.<init>(FirefoxDriver.java:211)
	at org.openqa.selenium.firefox.FirefoxDriver.<init>(FirefoxDriver.java:207)
	at org.openqa.selenium.firefox.FirefoxDriver.<init>(FirefoxDriver.java:120)
	at TestScenarios.Firefox.test(Firefox.java:12)
	at sun.reflect.NativeMethodAccessorImpl.invoke0(Native Method)
	at sun.reflect.NativeMethodAccessorImpl.invoke(Unknown Source)
	at sun.reflect.DelegatingMethodAccessorImpl.invoke(Unknown Source)
	at java.lang.reflect.Method.invoke(Unknown Source)
	at org.testng.internal.MethodInvocationHelper.invokeMethod(MethodInvocationHelper.java:85)
	at org.testng.internal.Invoker.invokeMethod(Invoker.java:639)
	at org.testng.internal.Invoker.invokeTestMethod(Invoker.java:821)
	at org.testng.internal.Invoker.invokeTestMethods(Invoker.java:1131)
	at org.testng.internal.TestMethodWorker.invokeTestMethods(TestMethodWorker.java:124)
	at org.testng.internal.TestMethodWorker.run(TestMethodWorker.java:108)
	at org.testng.TestRunner.privateRun(TestRunner.java:773)
	at org.testng.TestRunner.run(TestRunner.java:623)
	at org.testng.SuiteRunner.runTest(SuiteRunner.java:357)
	at org.testng.SuiteRunner.runSequentially(SuiteRunner.java:352)
	at org.testng.SuiteRunner.privateRun(SuiteRunner.java:310)
	at org.testng.SuiteRunner.run(SuiteRunner.java:259)
	at org.testng.SuiteRunnerWorker.runSuite(SuiteRunnerWorker.java:52)
	at org.testng.SuiteRunnerWorker.run(SuiteRunnerWorker.java:86)
	at org.testng.TestNG.runSuitesSequentially(TestNG.java:1185)
	at org.testng.TestNG.runSuitesLocally(TestNG.java:1110)
	at org.testng.TestNG.run(TestNG.java:1018)
	at org.testng.remote.RemoteTestNG.run(RemoteTestNG.java:111)
	at org.testng.remote.RemoteTestNG.initAndRun(RemoteTestNG.java:204)
	at org.testng.remote.RemoteTestNG.main(RemoteTestNG.java:175)
Caused by: org.openqa.selenium.firefox.NotConnectedException: Unable to connect to host 127.0.0.1 on port 7055 after 45000 ms. Firefox console output:
ey":null,"optionsURL":null,"optionsType":null,"aboutURL":null,"icons":{"32":"icon.png","48":"icon.png"},"iconURL":null,"icon64URL":null,"defaultLocale":{"name":"Default","description":"The default theme.","creator":"Mozilla","homepageURL":null,"contributors":["Mozilla Contributors"]},"visible":true,"active":true,"userDisabled":false,"appDisabled":false,"descriptor":"C:\\Program Files (x86)\\Mozilla Firefox\\browser\\extensions\\{972ce4c6-7e08-4474-a285-3208198ce6fd}.xpi","installDate":1480601706426,"updateDate":1480601706426,"applyBackgroundUpdates":1,"skinnable":true,"size":21905,"sourceURI":null,"releaseNotesURI":null,"softDisabled":false,"foreignInstall":false,"hasBinaryComponents":false,"strictCompatibility":true,"locales":[],"targetApplications":[{"id":"{ec8030f7-c20a-464f-9b0e-13a3a9e97384}","minVersion":"49.0.2","maxVersion":"49.0.2"}],"targetPlatforms":[],"seen":true}
1481821523741	addons.xpi	DEBUG	getModTime: Recursive scan of {972ce4c6-7e08-4474-a285-3208198ce6fd}
1481821523745	DeferredSave.extensions.json	DEBUG	Save changes
1481821523746	addons.xpi	DEBUG	Updating database with changes to installed add-ons
1481821523746	addons.xpi-utils	DEBUG	Updating add-on states
1481821523754	addons.xpi-utils	DEBUG	Writing add-ons list
1481821523764	addons.xpi	DEBUG	Registering manifest for C:\Program Files (x86)\Mozilla Firefox\browser\features\e10srollout@mozilla.org.xpi
1481821523766	addons.xpi	DEBUG	Calling bootstrap method startup on e10srollout@mozilla.org version 1.3
1481821523766	addons.xpi	DEBUG	Registering manifest for C:\Program Files (x86)\Mozilla Firefox\browser\features\firefox@getpocket.com.xpi
1481821523768	addons.xpi	DEBUG	Calling bootstrap method startup on firefox@getpocket.com version 1.0.4
1481821523770	addons.xpi	DEBUG	Registering manifest for C:\Program Files (x86)\Mozilla Firefox\browser\features\webcompat@mozilla.org.xpi
1481821523771	addons.xpi	DEBUG	Calling bootstrap method startup on webcompat@mozilla.org version 1.0
1481821523779	addons.manager	DEBUG	Registering shutdown blocker for XPIProvider
1481821523780	addons.manager	DEBUG	Provider finished startup: XPIProvider
1481821523780	addons.manager	DEBUG	Starting provider: LightweightThemeManager
1481821523781	addons.manager	DEBUG	Registering shutdown blocker for LightweightThemeManager
1481821523782	addons.manager	DEBUG	Provider finished startup: LightweightThemeManager
1481821523784	addons.manager	DEBUG	Starting provider: GMPProvider
1481821523822	addons.manager	DEBUG	Registering shutdown blocker for GMPProvider
1481821523823	addons.manager	DEBUG	Provider finished startup: GMPProvider
1481821523823	addons.manager	DEBUG	Starting provider: PluginProvider
1481821523824	addons.manager	DEBUG	Registering shutdown blocker for PluginProvider
1481821523825	addons.manager	DEBUG	Provider finished startup: PluginProvider
1481821523826	addons.manager	DEBUG	Completed startup sequence
1481821526080	addons.manager	DEBUG	Starting provider: <unnamed-provider>
1481821526080	addons.manager	DEBUG	Registering shutdown blocker for <unnamed-provider>
1481821526082	addons.manager	DEBUG	Provider finished startup: <unnamed-provider>
1481821526707	DeferredSave.extensions.json	DEBUG	Write succeeded
1481821526708	addons.xpi-utils	DEBUG	XPI Database saved, setting schema version preference to 17
1481821526709	DeferredSave.extensions.json	DEBUG	Starting timer
1481821526736	DeferredSave.extensions.json	DEBUG	Starting write
1481821526766	addons.repository	DEBUG	No addons.json found.
1481821526769	DeferredSave.addons.json	DEBUG	Save changes
1481821526784	DeferredSave.addons.json	DEBUG	Starting timer
1481821526918	addons.manager	DEBUG	Starting provider: PreviousExperimentProvider
1481821526919	addons.manager	DEBUG	Registering shutdown blocker for PreviousExperimentProvider
1481821526924	addons.manager	DEBUG	Provider finished startup: PreviousExperimentProvider
1481821526942	DeferredSave.addons.json	DEBUG	Starting write
1481821526963	DeferredSave.extensions.json	DEBUG	Write succeeded
1481821527041	DeferredSave.addons.json	DEBUG	Write succeeded

	at org.openqa.selenium.firefox.internal.NewProfileExtensionConnection.start(NewProfileExtensionConnection.java:122)
	... 31 more
]]>
            </full-stacktrace>
          </exception> <!-- org.openqa.selenium.WebDriverException -->
          <reporter-output>
          </reporter-output>
        </test-method> <!-- test -->
      </class> <!-- TestScenarios.Firefox -->
    </test> <!-- Default test -->
  </suite> <!-- Default suite -->
</testng-results>
