<?xml version="1.0" encoding="UTF-8"?>
<!-- Generated by org.testng.reporters.JUnitXMLReporter -->
<testsuite hostname="HOME" tests="1" failures="1" timestamp="27 Mar 2016 06:26:01 GMT" time="47.723" errors="0">
  <testcase name="Dropping" time="47.691" classname="DropBox">
    <failure type="org.openqa.selenium.WebDriverException" message="Failed to connect to binary FirefoxBinary(C:\Program Files (x86)\Mozilla Firefox\firefox.exe) on port 7055; process output follows: 
Disabled&amp;quot;:false,&amp;quot;foreignInstall&amp;quot;:true,&amp;quot;hasBinaryComponents&amp;quot;:false,&amp;quot;strictCompatibility&amp;quot;:true,&amp;quot;locales&amp;quot;:[],&amp;quot;targetApplications&amp;quot;:[{&amp;quot;id&amp;quot;:&amp;quot;{ec8030f7-c20a-464f-9b0e-13a3a9e97384}&amp;quot;,&amp;quot;minVersion&amp;quot;:&amp;quot;27.0a1&amp;quot;,&amp;quot;maxVersion&amp;quot;:&amp;quot;45.*&amp;quot;},{&amp;quot;id&amp;quot;:&amp;quot;{92650c4d-4b8e-4d2a-b7eb-24ecf4f6b63a}&amp;quot;,&amp;quot;minVersion&amp;quot;:&amp;quot;2.37.*&amp;quot;,&amp;quot;maxVersion&amp;quot;:&amp;quot;2.41&amp;quot;}],&amp;quot;targetPlatforms&amp;quot;:[],&amp;quot;multiprocessCompatible&amp;quot;:false,&amp;quot;signedState&amp;quot;:2,&amp;quot;seen&amp;quot;:true}
1459059917215	addons.xpi	DEBUG	Updating XPIState for {&amp;quot;id&amp;quot;:&amp;quot;{972ce4c6-7e08-4474-a285-3208198ce6fd}&amp;quot;,&amp;quot;syncGUID&amp;quot;:&amp;quot;uIPywZNT5GBK&amp;quot;,&amp;quot;location&amp;quot;:&amp;quot;app-global&amp;quot;,&amp;quot;version&amp;quot;:&amp;quot;45.0.1&amp;quot;,&amp;quot;type&amp;quot;:&amp;quot;theme&amp;quot;,&amp;quot;internalName&amp;quot;:&amp;quot;classic/1.0&amp;quot;,&amp;quot;updateURL&amp;quot;:null,&amp;quot;updateKey&amp;quot;:null,&amp;quot;optionsURL&amp;quot;:null,&amp;quot;optionsType&amp;quot;:null,&amp;quot;aboutURL&amp;quot;:null,&amp;quot;icons&amp;quot;:{&amp;quot;32&amp;quot;:&amp;quot;icon.png&amp;quot;,&amp;quot;48&amp;quot;:&amp;quot;icon.png&amp;quot;},&amp;quot;iconURL&amp;quot;:null,&amp;quot;icon64URL&amp;quot;:null,&amp;quot;defaultLocale&amp;quot;:{&amp;quot;name&amp;quot;:&amp;quot;Default&amp;quot;,&amp;quot;description&amp;quot;:&amp;quot;The default theme.&amp;quot;,&amp;quot;creator&amp;quot;:&amp;quot;Mozilla&amp;quot;,&amp;quot;homepageURL&amp;quot;:null,&amp;quot;contributors&amp;quot;:[&amp;quot;Mozilla Contributors&amp;quot;]},&amp;quot;visible&amp;quot;:true,&amp;quot;active&amp;quot;:true,&amp;quot;userDisabled&amp;quot;:false,&amp;quot;appDisabled&amp;quot;:false,&amp;quot;descriptor&amp;quot;:&amp;quot;C:\\Program Files (x86)\\Mozilla Firefox\\browser\\extensions\\{972ce4c6-7e08-4474-a285-3208198ce6fd}.xpi&amp;quot;,&amp;quot;installDate&amp;quot;:1458382593549,&amp;quot;updateDate&amp;quot;:1458382593549,&amp;quot;applyBackgroundUpdates&amp;quot;:1,&amp;quot;skinnable&amp;quot;:true,&amp;quot;size&amp;quot;:22012,&amp;quot;sourceURI&amp;quot;:null,&amp;quot;releaseNotesURI&amp;quot;:null,&amp;quot;softDisabled&amp;quot;:false,&amp;quot;foreignInstall&amp;quot;:false,&amp;quot;hasBinaryComponents&amp;quot;:false,&amp;quot;strictCompatibility&amp;quot;:true,&amp;quot;locales&amp;quot;:[],&amp;quot;targetApplications&amp;quot;:[{&amp;quot;id&amp;quot;:&amp;quot;{ec8030f7-c20a-464f-9b0e-13a3a9e97384}&amp;quot;,&amp;quot;minVersion&amp;quot;:&amp;quot;45.0.1&amp;quot;,&amp;quot;maxVersion&amp;quot;:&amp;quot;45.0.1&amp;quot;}],&amp;quot;targetPlatforms&amp;quot;:[],&amp;quot;seen&amp;quot;:true}
1459059917215	addons.xpi	DEBUG	getModTime: Recursive scan of {972ce4c6-7e08-4474-a285-3208198ce6fd}
1459059917217	DeferredSave.extensions.json	DEBUG	Save changes
1459059917218	addons.xpi	DEBUG	Updating database with changes to installed add-ons
1459059917218	addons.xpi-utils	DEBUG	Updating add-on states
1459059917223	addons.xpi-utils	DEBUG	Writing add-ons list
1459059917231	addons.xpi	DEBUG	Registering manifest for C:\Program Files (x86)\Mozilla Firefox\browser\features\loop@mozilla.org.xpi
1459059917233	addons.xpi	DEBUG	Calling bootstrap method startup on loop@mozilla.org version 0.1
1459059917266	addons.manager	DEBUG	Starting provider: &amp;lt;unnamed-provider&amp;gt;
1459059917266	addons.manager	DEBUG	Registering shutdown blocker for &amp;lt;unnamed-provider&amp;gt;
1459059917267	addons.manager	DEBUG	Provider finished startup: &amp;lt;unnamed-provider&amp;gt;
1459059917284	addons.manager	DEBUG	Registering shutdown blocker for XPIProvider
1459059917285	addons.manager	DEBUG	Provider finished startup: XPIProvider
1459059917285	addons.manager	DEBUG	Starting provider: LightweightThemeManager
1459059917285	addons.manager	DEBUG	Registering shutdown blocker for LightweightThemeManager
1459059917285	addons.manager	DEBUG	Provider finished startup: LightweightThemeManager
1459059917285	addons.manager	DEBUG	Starting provider: GMPProvider
1459059917291	addons.manager	DEBUG	Registering shutdown blocker for GMPProvider
1459059917291	addons.manager	DEBUG	Provider finished startup: GMPProvider
1459059917292	addons.manager	DEBUG	Starting provider: PluginProvider
1459059917292	addons.manager	DEBUG	Registering shutdown blocker for PluginProvider
1459059917292	addons.manager	DEBUG	Provider finished startup: PluginProvider
1459059917292	addons.manager	DEBUG	Completed startup sequence
1459059919142	DeferredSave.extensions.json	DEBUG	Starting write
1459059919723	addons.repository	DEBUG	No addons.json found.
1459059919724	DeferredSave.addons.json	DEBUG	Save changes
1459059919726	DeferredSave.addons.json	DEBUG	Starting timer
1459059919758	addons.manager	DEBUG	Starting provider: PreviousExperimentProvider
1459059919759	addons.manager	DEBUG	Registering shutdown blocker for PreviousExperimentProvider
1459059919759	addons.manager	DEBUG	Provider finished startup: PreviousExperimentProvider
1459059919762	DeferredSave.extensions.json	DEBUG	Write succeeded
1459059919762	addons.xpi-utils	DEBUG	XPI Database saved, setting schema version preference to 17
1459059919785	DeferredSave.addons.json	DEBUG	Starting write
1459059919795	DeferredSave.addons.json	DEBUG	Write succeeded

Build info: version: &amp;apos;2.48.2&amp;apos;, revision: &amp;apos;41bccdd&amp;apos;, time: &amp;apos;2015-10-09 19:55:52&amp;apos;
System info: host: &amp;apos;HOME&amp;apos;, ip: &amp;apos;192.168.2.18&amp;apos;, os.name: &amp;apos;Windows 8.1&amp;apos;, os.arch: &amp;apos;amd64&amp;apos;, os.version: &amp;apos;6.3&amp;apos;, java.version: &amp;apos;1.8.0_66&amp;apos;
Driver info: driver.version: FirefoxDriver">
      <![CDATA[org.openqa.selenium.WebDriverException: Failed to connect to binary FirefoxBinary(C:\Program Files (x86)\Mozilla Firefox\firefox.exe) on port 7055; process output follows: 
Disabled":false,"foreignInstall":true,"hasBinaryComponents":false,"strictCompatibility":true,"locales":[],"targetApplications":[{"id":"{ec8030f7-c20a-464f-9b0e-13a3a9e97384}","minVersion":"27.0a1","maxVersion":"45.*"},{"id":"{92650c4d-4b8e-4d2a-b7eb-24ecf4f6b63a}","minVersion":"2.37.*","maxVersion":"2.41"}],"targetPlatforms":[],"multiprocessCompatible":false,"signedState":2,"seen":true}
1459059917215	addons.xpi	DEBUG	Updating XPIState for {"id":"{972ce4c6-7e08-4474-a285-3208198ce6fd}","syncGUID":"uIPywZNT5GBK","location":"app-global","version":"45.0.1","type":"theme","internalName":"classic/1.0","updateURL":null,"updateKey":null,"optionsURL":null,"optionsType":null,"aboutURL":null,"icons":{"32":"icon.png","48":"icon.png"},"iconURL":null,"icon64URL":null,"defaultLocale":{"name":"Default","description":"The default theme.","creator":"Mozilla","homepageURL":null,"contributors":["Mozilla Contributors"]},"visible":true,"active":true,"userDisabled":false,"appDisabled":false,"descriptor":"C:\\Program Files (x86)\\Mozilla Firefox\\browser\\extensions\\{972ce4c6-7e08-4474-a285-3208198ce6fd}.xpi","installDate":1458382593549,"updateDate":1458382593549,"applyBackgroundUpdates":1,"skinnable":true,"size":22012,"sourceURI":null,"releaseNotesURI":null,"softDisabled":false,"foreignInstall":false,"hasBinaryComponents":false,"strictCompatibility":true,"locales":[],"targetApplications":[{"id":"{ec8030f7-c20a-464f-9b0e-13a3a9e97384}","minVersion":"45.0.1","maxVersion":"45.0.1"}],"targetPlatforms":[],"seen":true}
1459059917215	addons.xpi	DEBUG	getModTime: Recursive scan of {972ce4c6-7e08-4474-a285-3208198ce6fd}
1459059917217	DeferredSave.extensions.json	DEBUG	Save changes
1459059917218	addons.xpi	DEBUG	Updating database with changes to installed add-ons
1459059917218	addons.xpi-utils	DEBUG	Updating add-on states
1459059917223	addons.xpi-utils	DEBUG	Writing add-ons list
1459059917231	addons.xpi	DEBUG	Registering manifest for C:\Program Files (x86)\Mozilla Firefox\browser\features\loop@mozilla.org.xpi
1459059917233	addons.xpi	DEBUG	Calling bootstrap method startup on loop@mozilla.org version 0.1
1459059917266	addons.manager	DEBUG	Starting provider: <unnamed-provider>
1459059917266	addons.manager	DEBUG	Registering shutdown blocker for <unnamed-provider>
1459059917267	addons.manager	DEBUG	Provider finished startup: <unnamed-provider>
1459059917284	addons.manager	DEBUG	Registering shutdown blocker for XPIProvider
1459059917285	addons.manager	DEBUG	Provider finished startup: XPIProvider
1459059917285	addons.manager	DEBUG	Starting provider: LightweightThemeManager
1459059917285	addons.manager	DEBUG	Registering shutdown blocker for LightweightThemeManager
1459059917285	addons.manager	DEBUG	Provider finished startup: LightweightThemeManager
1459059917285	addons.manager	DEBUG	Starting provider: GMPProvider
1459059917291	addons.manager	DEBUG	Registering shutdown blocker for GMPProvider
1459059917291	addons.manager	DEBUG	Provider finished startup: GMPProvider
1459059917292	addons.manager	DEBUG	Starting provider: PluginProvider
1459059917292	addons.manager	DEBUG	Registering shutdown blocker for PluginProvider
1459059917292	addons.manager	DEBUG	Provider finished startup: PluginProvider
1459059917292	addons.manager	DEBUG	Completed startup sequence
1459059919142	DeferredSave.extensions.json	DEBUG	Starting write
1459059919723	addons.repository	DEBUG	No addons.json found.
1459059919724	DeferredSave.addons.json	DEBUG	Save changes
1459059919726	DeferredSave.addons.json	DEBUG	Starting timer
1459059919758	addons.manager	DEBUG	Starting provider: PreviousExperimentProvider
1459059919759	addons.manager	DEBUG	Registering shutdown blocker for PreviousExperimentProvider
1459059919759	addons.manager	DEBUG	Provider finished startup: PreviousExperimentProvider
1459059919762	DeferredSave.extensions.json	DEBUG	Write succeeded
1459059919762	addons.xpi-utils	DEBUG	XPI Database saved, setting schema version preference to 17
1459059919785	DeferredSave.addons.json	DEBUG	Starting write
1459059919795	DeferredSave.addons.json	DEBUG	Write succeeded

Build info: version: '2.48.2', revision: '41bccdd', time: '2015-10-09 19:55:52'
System info: host: 'HOME', ip: '192.168.2.18', os.name: 'Windows 8.1', os.arch: 'amd64', os.version: '6.3', java.version: '1.8.0_66'
Driver info: driver.version: FirefoxDriver
	at org.openqa.selenium.firefox.internal.NewProfileExtensionConnection.start(NewProfileExtensionConnection.java:134)
	at org.openqa.selenium.firefox.FirefoxDriver.startClient(FirefoxDriver.java:271)
	at org.openqa.selenium.remote.RemoteWebDriver.<init>(RemoteWebDriver.java:117)
	at org.openqa.selenium.firefox.FirefoxDriver.<init>(FirefoxDriver.java:218)
	at org.openqa.selenium.firefox.FirefoxDriver.<init>(FirefoxDriver.java:211)
	at org.openqa.selenium.firefox.FirefoxDriver.<init>(FirefoxDriver.java:207)
	at org.openqa.selenium.firefox.FirefoxDriver.<init>(FirefoxDriver.java:120)
	at DropBox.Dropping(DropBox.java:10)
	at sun.reflect.NativeMethodAccessorImpl.invoke0(Native Method)
	at sun.reflect.NativeMethodAccessorImpl.invoke(Unknown Source)
	at sun.reflect.DelegatingMethodAccessorImpl.invoke(Unknown Source)
	at java.lang.reflect.Method.invoke(Unknown Source)
	at org.testng.internal.MethodInvocationHelper.invokeMethod(MethodInvocationHelper.java:85)
	at org.testng.internal.Invoker.invokeMethod(Invoker.java:639)
	at org.testng.internal.Invoker.invokeTestMethod(Invoker.java:821)
	at org.testng.internal.Invoker.invokeTestMethods(Invoker.java:1131)
	at org.testng.internal.TestMethodWorker.invokeTestMethods(TestMethodWorker.java:124)
	at org.testng.internal.TestMethodWorker.run(TestMethodWorker.java:108)
	at org.testng.TestRunner.privateRun(TestRunner.java:773)
	at org.testng.TestRunner.run(TestRunner.java:623)
	at org.testng.SuiteRunner.runTest(SuiteRunner.java:357)
	at org.testng.SuiteRunner.runSequentially(SuiteRunner.java:352)
	at org.testng.SuiteRunner.privateRun(SuiteRunner.java:310)
	at org.testng.SuiteRunner.run(SuiteRunner.java:259)
	at org.testng.SuiteRunnerWorker.runSuite(SuiteRunnerWorker.java:52)
	at org.testng.SuiteRunnerWorker.run(SuiteRunnerWorker.java:86)
	at org.testng.TestNG.runSuitesSequentially(TestNG.java:1185)
	at org.testng.TestNG.runSuitesLocally(TestNG.java:1110)
	at org.testng.TestNG.run(TestNG.java:1018)
	at org.testng.remote.RemoteTestNG.run(RemoteTestNG.java:111)
	at org.testng.remote.RemoteTestNG.initAndRun(RemoteTestNG.java:204)
	at org.testng.remote.RemoteTestNG.main(RemoteTestNG.java:175)
Caused by: org.openqa.selenium.firefox.NotConnectedException: Unable to connect to host 127.0.0.1 on port 7055 after 45000 ms. Firefox console output:
Disabled":false,"foreignInstall":true,"hasBinaryComponents":false,"strictCompatibility":true,"locales":[],"targetApplications":[{"id":"{ec8030f7-c20a-464f-9b0e-13a3a9e97384}","minVersion":"27.0a1","maxVersion":"45.*"},{"id":"{92650c4d-4b8e-4d2a-b7eb-24ecf4f6b63a}","minVersion":"2.37.*","maxVersion":"2.41"}],"targetPlatforms":[],"multiprocessCompatible":false,"signedState":2,"seen":true}
1459059917215	addons.xpi	DEBUG	Updating XPIState for {"id":"{972ce4c6-7e08-4474-a285-3208198ce6fd}","syncGUID":"uIPywZNT5GBK","location":"app-global","version":"45.0.1","type":"theme","internalName":"classic/1.0","updateURL":null,"updateKey":null,"optionsURL":null,"optionsType":null,"aboutURL":null,"icons":{"32":"icon.png","48":"icon.png"},"iconURL":null,"icon64URL":null,"defaultLocale":{"name":"Default","description":"The default theme.","creator":"Mozilla","homepageURL":null,"contributors":["Mozilla Contributors"]},"visible":true,"active":true,"userDisabled":false,"appDisabled":false,"descriptor":"C:\\Program Files (x86)\\Mozilla Firefox\\browser\\extensions\\{972ce4c6-7e08-4474-a285-3208198ce6fd}.xpi","installDate":1458382593549,"updateDate":1458382593549,"applyBackgroundUpdates":1,"skinnable":true,"size":22012,"sourceURI":null,"releaseNotesURI":null,"softDisabled":false,"foreignInstall":false,"hasBinaryComponents":false,"strictCompatibility":true,"locales":[],"targetApplications":[{"id":"{ec8030f7-c20a-464f-9b0e-13a3a9e97384}","minVersion":"45.0.1","maxVersion":"45.0.1"}],"targetPlatforms":[],"seen":true}
1459059917215	addons.xpi	DEBUG	getModTime: Recursive scan of {972ce4c6-7e08-4474-a285-3208198ce6fd}
1459059917217	DeferredSave.extensions.json	DEBUG	Save changes
1459059917218	addons.xpi	DEBUG	Updating database with changes to installed add-ons
1459059917218	addons.xpi-utils	DEBUG	Updating add-on states
1459059917223	addons.xpi-utils	DEBUG	Writing add-ons list
1459059917231	addons.xpi	DEBUG	Registering manifest for C:\Program Files (x86)\Mozilla Firefox\browser\features\loop@mozilla.org.xpi
1459059917233	addons.xpi	DEBUG	Calling bootstrap method startup on loop@mozilla.org version 0.1
1459059917266	addons.manager	DEBUG	Starting provider: <unnamed-provider>
1459059917266	addons.manager	DEBUG	Registering shutdown blocker for <unnamed-provider>
1459059917267	addons.manager	DEBUG	Provider finished startup: <unnamed-provider>
1459059917284	addons.manager	DEBUG	Registering shutdown blocker for XPIProvider
1459059917285	addons.manager	DEBUG	Provider finished startup: XPIProvider
1459059917285	addons.manager	DEBUG	Starting provider: LightweightThemeManager
1459059917285	addons.manager	DEBUG	Registering shutdown blocker for LightweightThemeManager
1459059917285	addons.manager	DEBUG	Provider finished startup: LightweightThemeManager
1459059917285	addons.manager	DEBUG	Starting provider: GMPProvider
1459059917291	addons.manager	DEBUG	Registering shutdown blocker for GMPProvider
1459059917291	addons.manager	DEBUG	Provider finished startup: GMPProvider
1459059917292	addons.manager	DEBUG	Starting provider: PluginProvider
1459059917292	addons.manager	DEBUG	Registering shutdown blocker for PluginProvider
1459059917292	addons.manager	DEBUG	Provider finished startup: PluginProvider
1459059917292	addons.manager	DEBUG	Completed startup sequence
1459059919142	DeferredSave.extensions.json	DEBUG	Starting write
1459059919723	addons.repository	DEBUG	No addons.json found.
1459059919724	DeferredSave.addons.json	DEBUG	Save changes
1459059919726	DeferredSave.addons.json	DEBUG	Starting timer
1459059919758	addons.manager	DEBUG	Starting provider: PreviousExperimentProvider
1459059919759	addons.manager	DEBUG	Registering shutdown blocker for PreviousExperimentProvider
1459059919759	addons.manager	DEBUG	Provider finished startup: PreviousExperimentProvider
1459059919762	DeferredSave.extensions.json	DEBUG	Write succeeded
1459059919762	addons.xpi-utils	DEBUG	XPI Database saved, setting schema version preference to 17
1459059919785	DeferredSave.addons.json	DEBUG	Starting write
1459059919795	DeferredSave.addons.json	DEBUG	Write succeeded

	at org.openqa.selenium.firefox.internal.NewProfileExtensionConnection.start(NewProfileExtensionConnection.java:122)
	... 31 more
]]>
    </failure>
  </testcase> <!-- Dropping -->
</testsuite>
